<?xml version="1.0" encoding="UTF-8"?>
<!-- Generated by org.testng.reporters.JUnitReportReporter -->
<testsuite skipped="0" hostname="fourtek-desktop" name="com.testcase.MakeOrderTest" tests="2" failures="0" timestamp="25 Apr 2018 05:51:47 GMT" time="39.019" errors="0">
  <testcase name="doTheOrder" time="31.139" classname="com.testcase.MakeOrderTest"/>
  <testcase name="clientLogout" time="7.880" classname="com.testcase.MakeOrderTest"/>
</testsuite> <!-- com.testcase.MakeOrderTest -->
