<?xml version="1.0" encoding="UTF-8"?>
<!-- Generated by org.testng.reporters.JUnitReportReporter -->
<testsuite skipped="1" hostname="fourtek-desktop" name="com.testcase.ChooseTranslationPlanTest" tests="3" failures="0" timestamp="19 Apr 2018 10:12:06 GMT" time="7.022" errors="0">
  <testcase name="choosePlanForTranslation" time="5.157" classname="com.testcase.ChooseTranslationPlanTest"/>
  <testcase name="selectTheBestPlan" time="1.865" classname="com.testcase.ChooseTranslationPlanTest"/>
  <testcase name="goToDashboard" classname="com.testcase.ChooseTranslationPlanTest">
    <skipped/>
  </testcase> <!-- goToDashboard -->
</testsuite> <!-- com.testcase.ChooseTranslationPlanTest -->
