<?xml version="1.0" encoding="UTF-8"?>
<!-- Generated by org.testng.reporters.JUnitReportReporter -->
<testsuite skipped="1" hostname="fourtek-desktop" name="com.testcase.CreateProjectTest" tests="9" failures="0" timestamp="18 Apr 2018 06:59:50 GMT" time="33.268" errors="0">
  <testcase name="startProject" time="1.355" classname="com.testcase.CreateProjectTest"/>
  <testcase name="withOutSelectAllOptions" time="1.517" classname="com.testcase.CreateProjectTest"/>
  <testcase name="onlyEnterProjectName" time="3.676" classname="com.testcase.CreateProjectTest"/>
  <testcase name="onlySelectTargetLanguage" time="10.453" classname="com.testcase.CreateProjectTest"/>
  <testcase name="typeProjectName" time="0.268" classname="com.testcase.CreateProjectTest"/>
  <testcase name="projectType" time="1.122" classname="com.testcase.CreateProjectTest"/>
  <testcase name="targetLanguage" time="7.389" classname="com.testcase.CreateProjectTest"/>
  <testcase name="doClickOnLetsStartButton" time="7.488" classname="com.testcase.CreateProjectTest"/>
  <testcase name="industryType" classname="com.testcase.CreateProjectTest">
    <skipped/>
  </testcase> <!-- industryType -->
</testsuite> <!-- com.testcase.CreateProjectTest -->
