<?xml version="1.0" encoding="UTF-8"?>
<!-- Generated by org.testng.reporters.JUnitReportReporter -->
<testsuite skipped="0" hostname="fourtek-desktop" name="com.testcase.FileUploadTest" tests="3" failures="0" timestamp="25 Apr 2018 05:51:47 GMT" time="23.240" errors="0">
  <testcase name="clickOnAddNewFile" time="2.880" classname="com.testcase.FileUploadTest"/>
  <testcase name="enterFileLocation" time="9.266" classname="com.testcase.FileUploadTest"/>
  <testcase name="selectFileFormat" time="11.094" classname="com.testcase.FileUploadTest"/>
</testsuite> <!-- com.testcase.FileUploadTest -->
