<?xml version="1.0" encoding="UTF-8"?>
<!-- Generated by org.testng.reporters.JUnitReportReporter -->
<testsuite skipped="1" hostname="fourtek-desktop" name="com.testcase.CreateProjectTest" tests="9" failures="0" timestamp="13 Apr 2018 09:59:52 GMT" time="40.239" errors="0">
  <testcase name="startProject" time="3.600" classname="com.testcase.CreateProjectTest"/>
  <testcase name="withOutSelectAllOptions" time="3.597" classname="com.testcase.CreateProjectTest"/>
  <testcase name="onlyEnterProjectName" time="6.045" classname="com.testcase.CreateProjectTest"/>
  <testcase name="onlySelectTargetLanguage" time="10.595" classname="com.testcase.CreateProjectTest"/>
  <testcase name="typeProjectName" time="0.392" classname="com.testcase.CreateProjectTest"/>
  <testcase name="projectType" time="1.148" classname="com.testcase.CreateProjectTest"/>
  <testcase name="targetLanguage" time="7.404" classname="com.testcase.CreateProjectTest"/>
  <testcase name="doClickOnLetsStartButton" time="7.458" classname="com.testcase.CreateProjectTest"/>
  <testcase name="industryType" classname="com.testcase.CreateProjectTest">
    <skipped/>
  </testcase> <!-- industryType -->
</testsuite> <!-- com.testcase.CreateProjectTest -->
