<?xml version="1.0" encoding="UTF-8"?>
<!-- Generated by org.testng.reporters.JUnitReportReporter -->
<testsuite skipped="1" hostname="fourtek-desktop" name="com.testcase.LoginPageTest" tests="8" failures="0" timestamp="24 Apr 2018 06:06:34 GMT" time="21.432" errors="0">
  <testcase name="openBrowser" time="6.521" classname="com.testcase.LoginPageTest"/>
  <testcase name="invalidEmail" time="1.962" classname="com.testcase.LoginPageTest"/>
  <testcase name="invalidPassword" time="1.780" classname="com.testcase.LoginPageTest"/>
  <testcase name="invalidPwdEmail" time="1.568" classname="com.testcase.LoginPageTest"/>
  <testcase name="checkCaseSensitive" time="3.404" classname="com.testcase.LoginPageTest"/>
  <testcase name="checkUnicodeTransformationFormat" time="1.603" classname="com.testcase.LoginPageTest"/>
  <testcase name="doLogin" time="4.594" classname="com.testcase.LoginPageTest"/>
  <testcase name="forgetPassword" classname="com.testcase.LoginPageTest">
    <skipped/>
  </testcase> <!-- forgetPassword -->
</testsuite> <!-- com.testcase.LoginPageTest -->
