<?xml version="1.0" encoding="UTF-8"?>
<!-- Generated by org.testng.reporters.JUnitReportReporter -->
<testsuite skipped="0" hostname="fourtek-desktop" name="com.testcase.MakeOrderTest" tests="2" failures="0" timestamp="04 May 2018 10:09:27 GMT" time="36.751" errors="0">
  <testcase name="doTheOrder" time="30.178" classname="com.testcase.MakeOrderTest"/>
  <testcase name="clientLogout" time="6.573" classname="com.testcase.MakeOrderTest"/>
</testsuite> <!-- com.testcase.MakeOrderTest -->
