<?xml version="1.0" encoding="UTF-8"?>
<!-- Generated by org.testng.reporters.JUnitReportReporter -->
<testsuite skipped="0" hostname="fourtek-desktop" name="com.testcase.ReviewerTest" tests="7" failures="0" timestamp="24 Apr 2018 09:54:13 GMT" time="64.764" errors="0">
  <testcase name="reviewerDoLogin" time="8.944" classname="com.testcase.ReviewerTest"/>
  <testcase name="doSelectReviewerProject" time="4.118" classname="com.testcase.ReviewerTest"/>
  <testcase name="automatedTranslation" time="3.357" classname="com.testcase.ReviewerTest"/>
  <testcase name="doAcceptWord" time="31.892" classname="com.testcase.ReviewerTest"/>
  <testcase name="doClickOnComplete" time="1.182" classname="com.testcase.ReviewerTest"/>
  <testcase name="doClickOnLogo" time="11.089" classname="com.testcase.ReviewerTest"/>
  <testcase name="doTranslatorLogout" time="4.182" classname="com.testcase.ReviewerTest"/>
</testsuite> <!-- com.testcase.ReviewerTest -->
