<?xml version="1.0" encoding="UTF-8"?>
<!-- Generated by org.testng.reporters.JUnitReportReporter -->
<testsuite skipped="1" hostname="fourtek-desktop" name="com.testcase.CreateProjectTest" tests="9" failures="0" timestamp="24 Apr 2018 09:54:13 GMT" time="31.362" errors="0">
  <testcase name="startProject" time="1.423" classname="com.testcase.CreateProjectTest"/>
  <testcase name="withOutSelectAllOptions" time="2.183" classname="com.testcase.CreateProjectTest"/>
  <testcase name="onlyEnterProjectName" time="3.632" classname="com.testcase.CreateProjectTest"/>
  <testcase name="onlySelectTargetLanguage" time="9.144" classname="com.testcase.CreateProjectTest"/>
  <testcase name="typeProjectName" time="0.235" classname="com.testcase.CreateProjectTest"/>
  <testcase name="projectType" time="1.095" classname="com.testcase.CreateProjectTest"/>
  <testcase name="targetLanguage" time="7.278" classname="com.testcase.CreateProjectTest"/>
  <testcase name="doClickOnLetsStartButton" time="6.372" classname="com.testcase.CreateProjectTest"/>
  <testcase name="industryType" classname="com.testcase.CreateProjectTest">
    <skipped/>
  </testcase> <!-- industryType -->
</testsuite> <!-- com.testcase.CreateProjectTest -->
