<?xml version="1.0" encoding="UTF-8"?>
<!-- Generated by org.testng.reporters.JUnitReportReporter -->
<testsuite skipped="1" hostname="fourtek-desktop" name="com.testcase.LoginPageTest" tests="8" failures="0" timestamp="19 Apr 2018 10:52:37 GMT" time="18.909" errors="0">
  <testcase name="openBrowser" time="6.047" classname="com.testcase.LoginPageTest"/>
  <testcase name="invalidEmail" time="1.779" classname="com.testcase.LoginPageTest"/>
  <testcase name="invalidPassword" time="1.463" classname="com.testcase.LoginPageTest"/>
  <testcase name="invalidPwdEmail" time="1.351" classname="com.testcase.LoginPageTest"/>
  <testcase name="checkCaseSensitive" time="2.774" classname="com.testcase.LoginPageTest"/>
  <testcase name="checkUnicodeTransformationFormat" time="1.390" classname="com.testcase.LoginPageTest"/>
  <testcase name="doLogin" time="4.105" classname="com.testcase.LoginPageTest"/>
  <testcase name="forgetPassword" classname="com.testcase.LoginPageTest">
    <skipped/>
  </testcase> <!-- forgetPassword -->
</testsuite> <!-- com.testcase.LoginPageTest -->
