<?xml version="1.0" encoding="UTF-8"?>
<!-- Generated by org.testng.reporters.JUnitReportReporter -->
<testsuite skipped="1" hostname="fourtek-desktop" name="com.testcase.LoginPageTest" tests="8" failures="0" timestamp="18 Apr 2018 06:59:50 GMT" time="30.943" errors="0">
  <testcase name="openBrowser" time="18.015" classname="com.testcase.LoginPageTest"/>
  <testcase name="invalidEmail" time="1.903" classname="com.testcase.LoginPageTest"/>
  <testcase name="invalidPassword" time="1.499" classname="com.testcase.LoginPageTest"/>
  <testcase name="invalidPwdEmail" time="1.456" classname="com.testcase.LoginPageTest"/>
  <testcase name="checkCaseSensitive" time="2.632" classname="com.testcase.LoginPageTest"/>
  <testcase name="checkUnicodeTransformationFormat" time="1.449" classname="com.testcase.LoginPageTest"/>
  <testcase name="doLogin" time="3.989" classname="com.testcase.LoginPageTest"/>
  <testcase name="forgetPassword" classname="com.testcase.LoginPageTest">
    <skipped/>
  </testcase> <!-- forgetPassword -->
</testsuite> <!-- com.testcase.LoginPageTest -->
