<?xml version="1.0" encoding="UTF-8"?>
<!-- Generated by org.testng.reporters.JUnitReportReporter -->
<testsuite skipped="0" hostname="fourtek-desktop" name="com.testcase.ManagerTest" tests="8" failures="0" timestamp="02 May 2018 12:14:34 GMT" time="37.016" errors="0">
  <testcase name="doMangerLogin" time="3.704" classname="com.testcase.ManagerTest"/>
  <testcase name="selectTheCreatedProject" time="2.195" classname="com.testcase.ManagerTest"/>
  <testcase name="selectOrder" time="2.157" classname="com.testcase.ManagerTest"/>
  <testcase name="performActions" time="2.230" classname="com.testcase.ManagerTest"/>
  <testcase name="clickOnAssignLink" time="3.997" classname="com.testcase.ManagerTest"/>
  <testcase name="selectLanguageTranslator" time="2.068" classname="com.testcase.ManagerTest"/>
  <testcase name="assignProjectToTranslator" time="13.908" classname="com.testcase.ManagerTest"/>
  <testcase name="doManagerLogout" time="6.757" classname="com.testcase.ManagerTest"/>
</testsuite> <!-- com.testcase.ManagerTest -->
