<?xml version="1.0" encoding="UTF-8"?>
<!-- Generated by org.testng.reporters.JUnitReportReporter -->
<testsuite skipped="0" hostname="fourtek-desktop" name="com.testcase.MakeOrderTest" tests="2" failures="0" timestamp="13 Apr 2018 09:59:52 GMT" time="34.628" errors="0">
  <testcase name="doTheOrder" time="30.375" classname="com.testcase.MakeOrderTest"/>
  <testcase name="clientLogout" time="4.253" classname="com.testcase.MakeOrderTest"/>
</testsuite> <!-- com.testcase.MakeOrderTest -->
