<?xml version="1.0" encoding="UTF-8"?>
<!-- Generated by org.testng.reporters.JUnitReportReporter -->
<testsuite skipped="0" hostname="fourtek-desktop" name="com.testcase.MakeOrderTest" tests="2" failures="0" timestamp="18 Apr 2018 06:59:50 GMT" time="34.207" errors="0">
  <testcase name="doTheOrder" time="30.201" classname="com.testcase.MakeOrderTest"/>
  <testcase name="clientLogout" time="4.006" classname="com.testcase.MakeOrderTest"/>
</testsuite> <!-- com.testcase.MakeOrderTest -->
