<?xml version="1.0" encoding="UTF-8"?>
<!-- Generated by org.testng.reporters.JUnitReportReporter -->
<testsuite skipped="0" hostname="fourtek-desktop" name="com.testcase.ManagerTest" tests="6" failures="0" timestamp="24 Apr 2018 09:54:13 GMT" time="23.462" errors="0">
  <testcase name="doMangerLogin" time="2.848" classname="com.testcase.ManagerTest"/>
  <testcase name="selectTheCreatedProject" time="2.023" classname="com.testcase.ManagerTest"/>
  <testcase name="selectOrder" time="4.036" classname="com.testcase.ManagerTest"/>
  <testcase name="selectLanguageTranslator" time="1.911" classname="com.testcase.ManagerTest"/>
  <testcase name="assignProjectToTranslator" time="7.000" classname="com.testcase.ManagerTest"/>
  <testcase name="doManagerLogout" time="5.644" classname="com.testcase.ManagerTest"/>
</testsuite> <!-- com.testcase.ManagerTest -->
