<?xml version="1.0" encoding="UTF-8"?>
<!-- Generated by org.testng.reporters.JUnitReportReporter -->
<testsuite skipped="0" hostname="fourtek-desktop" name="com.testcase.FileUploadTest" tests="3" failures="0" timestamp="24 Apr 2018 06:06:34 GMT" time="19.028" errors="0">
  <testcase name="clickOnAddNewFile" time="1.796" classname="com.testcase.FileUploadTest"/>
  <testcase name="enterFileLocation" time="8.550" classname="com.testcase.FileUploadTest"/>
  <testcase name="selectFileFormat" time="8.682" classname="com.testcase.FileUploadTest"/>
</testsuite> <!-- com.testcase.FileUploadTest -->
