<?xml version="1.0" encoding="UTF-8"?>
<!-- Generated by org.testng.reporters.JUnitReportReporter -->
<testsuite skipped="1" hostname="fourtek-desktop" name="com.testcase.CreateProjectTest" tests="9" failures="0" timestamp="24 Apr 2018 06:06:34 GMT" time="38.535" errors="0">
  <testcase name="startProject" time="1.839" classname="com.testcase.CreateProjectTest"/>
  <testcase name="withOutSelectAllOptions" time="2.260" classname="com.testcase.CreateProjectTest"/>
  <testcase name="onlyEnterProjectName" time="4.791" classname="com.testcase.CreateProjectTest"/>
  <testcase name="onlySelectTargetLanguage" time="11.580" classname="com.testcase.CreateProjectTest"/>
  <testcase name="typeProjectName" time="1.103" classname="com.testcase.CreateProjectTest"/>
  <testcase name="projectType" time="1.282" classname="com.testcase.CreateProjectTest"/>
  <testcase name="targetLanguage" time="7.636" classname="com.testcase.CreateProjectTest"/>
  <testcase name="doClickOnLetsStartButton" time="8.044" classname="com.testcase.CreateProjectTest"/>
  <testcase name="industryType" classname="com.testcase.CreateProjectTest">
    <skipped/>
  </testcase> <!-- industryType -->
</testsuite> <!-- com.testcase.CreateProjectTest -->
