<?xml version="1.0" encoding="UTF-8"?>
<!-- Generated by org.testng.reporters.JUnitReportReporter -->
<testsuite skipped="0" hostname="fourtek-desktop" name="com.testcase.FileUploadTest" tests="3" failures="0" timestamp="19 Apr 2018 04:05:00 GMT" time="22.989" errors="0">
  <testcase name="clickOnAddNewFile" time="1.764" classname="com.testcase.FileUploadTest"/>
  <testcase name="enterFileLocation" time="12.506" classname="com.testcase.FileUploadTest"/>
  <testcase name="selectFileFormat" time="8.719" classname="com.testcase.FileUploadTest"/>
</testsuite> <!-- com.testcase.FileUploadTest -->
