<?xml version="1.0" encoding="UTF-8"?>
<!-- Generated by org.testng.reporters.JUnitReportReporter -->
<testsuite skipped="1" hostname="fourtek-desktop" name="com.testcase.CreateProjectTest" tests="9" failures="0" timestamp="19 Apr 2018 10:52:37 GMT" time="32.435" errors="0">
  <testcase name="startProject" time="1.442" classname="com.testcase.CreateProjectTest"/>
  <testcase name="withOutSelectAllOptions" time="2.043" classname="com.testcase.CreateProjectTest"/>
  <testcase name="onlyEnterProjectName" time="3.594" classname="com.testcase.CreateProjectTest"/>
  <testcase name="onlySelectTargetLanguage" time="9.586" classname="com.testcase.CreateProjectTest"/>
  <testcase name="typeProjectName" time="0.282" classname="com.testcase.CreateProjectTest"/>
  <testcase name="projectType" time="1.120" classname="com.testcase.CreateProjectTest"/>
  <testcase name="targetLanguage" time="7.387" classname="com.testcase.CreateProjectTest"/>
  <testcase name="doClickOnLetsStartButton" time="6.981" classname="com.testcase.CreateProjectTest"/>
  <testcase name="industryType" classname="com.testcase.CreateProjectTest">
    <skipped/>
  </testcase> <!-- industryType -->
</testsuite> <!-- com.testcase.CreateProjectTest -->
