<?xml version="1.0" encoding="UTF-8"?>
<!-- Generated by org.testng.reporters.JUnitReportReporter -->
<testsuite skipped="0" hostname="fourtek-desktop" name="com.testcase.ManagerTest" tests="8" failures="0" timestamp="04 May 2018 10:09:27 GMT" time="60.996" errors="0">
  <testcase name="doMangerLogin" time="12.837" classname="com.testcase.ManagerTest"/>
  <testcase name="selectTheCreatedProject" time="5.820" classname="com.testcase.ManagerTest"/>
  <testcase name="selectOrder" time="3.178" classname="com.testcase.ManagerTest"/>
  <testcase name="performActions" time="3.423" classname="com.testcase.ManagerTest"/>
  <testcase name="clickOnAssignLink" time="7.138" classname="com.testcase.ManagerTest"/>
  <testcase name="selectLanguageTranslator" time="4.103" classname="com.testcase.ManagerTest"/>
  <testcase name="assignProjectToTranslator" time="17.494" classname="com.testcase.ManagerTest"/>
  <testcase name="doManagerLogout" time="7.003" classname="com.testcase.ManagerTest"/>
</testsuite> <!-- com.testcase.ManagerTest -->
