<?xml version="1.0" encoding="UTF-8"?>
<!-- Generated by org.testng.reporters.JUnitReportReporter -->
<testsuite skipped="1" hostname="fourtek-desktop" name="com.testcase.LoginPageTest" tests="8" failures="0" timestamp="19 Apr 2018 10:12:06 GMT" time="35.515" errors="0">
  <testcase name="openBrowser" time="19.023" classname="com.testcase.LoginPageTest"/>
  <testcase name="invalidEmail" time="2.114" classname="com.testcase.LoginPageTest"/>
  <testcase name="invalidPassword" time="2.044" classname="com.testcase.LoginPageTest"/>
  <testcase name="invalidPwdEmail" time="2.009" classname="com.testcase.LoginPageTest"/>
  <testcase name="checkCaseSensitive" time="3.639" classname="com.testcase.LoginPageTest"/>
  <testcase name="checkUnicodeTransformationFormat" time="1.845" classname="com.testcase.LoginPageTest"/>
  <testcase name="doLogin" time="4.841" classname="com.testcase.LoginPageTest"/>
  <testcase name="forgetPassword" classname="com.testcase.LoginPageTest">
    <skipped/>
  </testcase> <!-- forgetPassword -->
</testsuite> <!-- com.testcase.LoginPageTest -->
