<?xml version="1.0" encoding="UTF-8"?>
<!-- Generated by org.testng.reporters.JUnitReportReporter -->
<testsuite skipped="0" hostname="fourtek-desktop" name="com.testcase.TranslatorTest" tests="7" failures="0" timestamp="25 Apr 2018 05:51:47 GMT" time="163.346" errors="0">
  <testcase name="translatorDoLogin" time="35.941" classname="com.testcase.TranslatorTest"/>
  <testcase name="doSelectTranslatorProject" time="8.808" classname="com.testcase.TranslatorTest"/>
  <testcase name="automatedTranslation" time="4.072" classname="com.testcase.TranslatorTest"/>
  <testcase name="doselectWordsAndEnterText" time="58.516" classname="com.testcase.TranslatorTest"/>
  <testcase name="docompleteTranslation" time="6.347" classname="com.testcase.TranslatorTest"/>
  <testcase name="doClickOnLogo" time="39.821" classname="com.testcase.TranslatorTest"/>
  <testcase name="doTranslatorLogout" time="9.841" classname="com.testcase.TranslatorTest"/>
</testsuite> <!-- com.testcase.TranslatorTest -->
