<?xml version="1.0" encoding="UTF-8"?>
<!-- Generated by org.testng.reporters.JUnitReportReporter -->
<testsuite skipped="0" hostname="fourtek-desktop" name="com.testcase.FileUploadTest" tests="3" failures="0" timestamp="04 May 2018 10:09:27 GMT" time="20.415" errors="0">
  <testcase name="clickOnAddNewFile" time="1.405" classname="com.testcase.FileUploadTest"/>
  <testcase name="enterFileLocation" time="10.365" classname="com.testcase.FileUploadTest"/>
  <testcase name="selectFileFormat" time="8.645" classname="com.testcase.FileUploadTest"/>
</testsuite> <!-- com.testcase.FileUploadTest -->
