<?xml version="1.0" encoding="UTF-8"?>
<!-- Generated by org.testng.reporters.JUnitReportReporter -->
<testsuite skipped="0" hostname="fourtek-desktop" name="com.testcase.FileUploadTest" tests="3" failures="0" timestamp="19 Apr 2018 10:52:37 GMT" time="18.483" errors="0">
  <testcase name="clickOnAddNewFile" time="1.552" classname="com.testcase.FileUploadTest"/>
  <testcase name="enterFileLocation" time="8.367" classname="com.testcase.FileUploadTest"/>
  <testcase name="selectFileFormat" time="8.564" classname="com.testcase.FileUploadTest"/>
</testsuite> <!-- com.testcase.FileUploadTest -->
