<?xml version="1.0" encoding="UTF-8"?>
<!-- Generated by org.testng.reporters.JUnitReportReporter -->
<testsuite skipped="1" hostname="fourtek-desktop" name="com.testcase.CreateProjectTest" tests="9" failures="0" timestamp="25 Apr 2018 05:51:47 GMT" time="67.250" errors="0">
  <testcase name="startProject" time="7.717" classname="com.testcase.CreateProjectTest"/>
  <testcase name="withOutSelectAllOptions" time="9.669" classname="com.testcase.CreateProjectTest"/>
  <testcase name="onlyEnterProjectName" time="11.305" classname="com.testcase.CreateProjectTest"/>
  <testcase name="onlySelectTargetLanguage" time="15.908" classname="com.testcase.CreateProjectTest"/>
  <testcase name="typeProjectName" time="0.973" classname="com.testcase.CreateProjectTest"/>
  <testcase name="projectType" time="1.817" classname="com.testcase.CreateProjectTest"/>
  <testcase name="targetLanguage" time="9.102" classname="com.testcase.CreateProjectTest"/>
  <testcase name="doClickOnLetsStartButton" time="10.759" classname="com.testcase.CreateProjectTest"/>
  <testcase name="industryType" classname="com.testcase.CreateProjectTest">
    <skipped/>
  </testcase> <!-- industryType -->
</testsuite> <!-- com.testcase.CreateProjectTest -->
