<?xml version="1.0" encoding="UTF-8"?>
<!-- Generated by org.testng.reporters.JUnitReportReporter -->
<testsuite skipped="0" hostname="fourtek-desktop" name="com.testcase.FileUploadTest" tests="3" failures="0" timestamp="13 Apr 2018 09:59:52 GMT" time="22.403" errors="0">
  <testcase name="clickOnAddNewFile" time="5.143" classname="com.testcase.FileUploadTest"/>
  <testcase name="enterFileLocation" time="8.494" classname="com.testcase.FileUploadTest"/>
  <testcase name="selectFileFormat" time="8.766" classname="com.testcase.FileUploadTest"/>
</testsuite> <!-- com.testcase.FileUploadTest -->
