<?xml version="1.0" encoding="UTF-8"?>
<!-- Generated by org.testng.reporters.JUnitReportReporter -->
<testsuite skipped="0" hostname="fourtek-desktop" name="com.testcase.MakeOrderTest" tests="2" failures="0" timestamp="02 May 2018 12:14:34 GMT" time="34.544" errors="0">
  <testcase name="doTheOrder" time="30.140" classname="com.testcase.MakeOrderTest"/>
  <testcase name="clientLogout" time="4.404" classname="com.testcase.MakeOrderTest"/>
</testsuite> <!-- com.testcase.MakeOrderTest -->
