<?xml version="1.0" encoding="UTF-8"?>
<!-- Generated by org.testng.reporters.JUnitReportReporter -->
<testsuite skipped="1" hostname="fourtek-desktop" name="com.testcase.LoginPageTest" tests="8" failures="0" timestamp="25 Apr 2018 05:51:47 GMT" time="64.513" errors="0">
  <testcase name="openBrowser" time="14.860" classname="com.testcase.LoginPageTest"/>
  <testcase name="invalidEmail" time="6.959" classname="com.testcase.LoginPageTest"/>
  <testcase name="invalidPassword" time="7.230" classname="com.testcase.LoginPageTest"/>
  <testcase name="invalidPwdEmail" time="7.545" classname="com.testcase.LoginPageTest"/>
  <testcase name="checkCaseSensitive" time="11.506" classname="com.testcase.LoginPageTest"/>
  <testcase name="checkUnicodeTransformationFormat" time="5.546" classname="com.testcase.LoginPageTest"/>
  <testcase name="doLogin" time="10.867" classname="com.testcase.LoginPageTest"/>
  <testcase name="forgetPassword" classname="com.testcase.LoginPageTest">
    <skipped/>
  </testcase> <!-- forgetPassword -->
</testsuite> <!-- com.testcase.LoginPageTest -->
