<?xml version="1.0" encoding="UTF-8"?>
<!-- Generated by org.testng.reporters.JUnitReportReporter -->
<testsuite skipped="1" hostname="fourtek-desktop" name="com.testcase.ChooseTranslationPlanTest" tests="3" failures="0" timestamp="18 Apr 2018 06:59:50 GMT" time="7.782" errors="0">
  <testcase name="choosePlanForTranslation" time="5.535" classname="com.testcase.ChooseTranslationPlanTest"/>
  <testcase name="selectTheBestPlan" time="2.247" classname="com.testcase.ChooseTranslationPlanTest"/>
  <testcase name="goToDashboard" classname="com.testcase.ChooseTranslationPlanTest">
    <skipped/>
  </testcase> <!-- goToDashboard -->
</testsuite> <!-- com.testcase.ChooseTranslationPlanTest -->
