<?xml version="1.0" encoding="UTF-8"?>
<!-- Generated by org.testng.reporters.JUnitReportReporter -->
<testsuite skipped="0" hostname="fourtek-desktop" name="com.testcase.TranslatorTest" tests="7" failures="0" timestamp="19 Apr 2018 10:52:37 GMT" time="80.329" errors="0">
  <testcase name="translatorDoLogin" time="11.160" classname="com.testcase.TranslatorTest"/>
  <testcase name="doSelectTranslatorProject" time="3.290" classname="com.testcase.TranslatorTest"/>
  <testcase name="automatedTranslation" time="3.513" classname="com.testcase.TranslatorTest"/>
  <testcase name="doselectWordsAndEnterText" time="45.730" classname="com.testcase.TranslatorTest"/>
  <testcase name="docompleteTranslation" time="3.232" classname="com.testcase.TranslatorTest"/>
  <testcase name="doClickOnLogo" time="9.617" classname="com.testcase.TranslatorTest"/>
  <testcase name="doTranslatorLogout" time="3.787" classname="com.testcase.TranslatorTest"/>
</testsuite> <!-- com.testcase.TranslatorTest -->
