<?xml version="1.0" encoding="UTF-8"?>
<!-- Generated by org.testng.reporters.JUnitReportReporter -->
<testsuite skipped="1" hostname="fourtek-desktop" name="com.testcase.CreateProjectTest" tests="9" failures="0" timestamp="19 Apr 2018 04:05:00 GMT" time="38.326" errors="0">
  <testcase name="startProject" time="3.388" classname="com.testcase.CreateProjectTest"/>
  <testcase name="withOutSelectAllOptions" time="3.400" classname="com.testcase.CreateProjectTest"/>
  <testcase name="onlyEnterProjectName" time="5.006" classname="com.testcase.CreateProjectTest"/>
  <testcase name="onlySelectTargetLanguage" time="10.082" classname="com.testcase.CreateProjectTest"/>
  <testcase name="typeProjectName" time="0.287" classname="com.testcase.CreateProjectTest"/>
  <testcase name="projectType" time="1.323" classname="com.testcase.CreateProjectTest"/>
  <testcase name="targetLanguage" time="7.401" classname="com.testcase.CreateProjectTest"/>
  <testcase name="doClickOnLetsStartButton" time="7.439" classname="com.testcase.CreateProjectTest"/>
  <testcase name="industryType" classname="com.testcase.CreateProjectTest">
    <skipped/>
  </testcase> <!-- industryType -->
</testsuite> <!-- com.testcase.CreateProjectTest -->
