<?xml version="1.0" encoding="UTF-8"?>
<!-- Generated by org.testng.reporters.JUnitReportReporter -->
<testsuite skipped="1" hostname="fourtek-desktop" name="com.testcase.LoginPageTest" tests="8" failures="0" timestamp="04 May 2018 10:09:27 GMT" time="30.171" errors="0">
  <testcase name="openBrowser" time="9.912" classname="com.testcase.LoginPageTest"/>
  <testcase name="invalidEmail" time="2.865" classname="com.testcase.LoginPageTest"/>
  <testcase name="invalidPassword" time="2.327" classname="com.testcase.LoginPageTest"/>
  <testcase name="invalidPwdEmail" time="2.456" classname="com.testcase.LoginPageTest"/>
  <testcase name="checkCaseSensitive" time="4.700" classname="com.testcase.LoginPageTest"/>
  <testcase name="checkUnicodeTransformationFormat" time="2.143" classname="com.testcase.LoginPageTest"/>
  <testcase name="doLogin" time="5.768" classname="com.testcase.LoginPageTest"/>
  <testcase name="forgetPassword" classname="com.testcase.LoginPageTest">
    <skipped/>
  </testcase> <!-- forgetPassword -->
</testsuite> <!-- com.testcase.LoginPageTest -->
