<?xml version="1.0" encoding="UTF-8"?>
<!-- Generated by org.testng.reporters.JUnitReportReporter -->
<testsuite skipped="1" hostname="fourtek-desktop" name="com.testcase.ChooseTranslationPlanTest" tests="3" failures="0" timestamp="13 Apr 2018 09:59:52 GMT" time="8.173" errors="0">
  <testcase name="choosePlanForTranslation" time="6.593" classname="com.testcase.ChooseTranslationPlanTest"/>
  <testcase name="selectTheBestPlan" time="1.580" classname="com.testcase.ChooseTranslationPlanTest"/>
  <testcase name="goToDashboard" classname="com.testcase.ChooseTranslationPlanTest">
    <skipped/>
  </testcase> <!-- goToDashboard -->
</testsuite> <!-- com.testcase.ChooseTranslationPlanTest -->
