<?xml version="1.0" encoding="UTF-8"?>
<!-- Generated by org.testng.reporters.JUnitReportReporter -->
<testsuite skipped="0" hostname="fourtek-desktop" name="com.testcase.MakeOrderTest" tests="2" failures="0" timestamp="19 Apr 2018 10:52:37 GMT" time="33.730" errors="0">
  <testcase name="doTheOrder" time="30.223" classname="com.testcase.MakeOrderTest"/>
  <testcase name="clientLogout" time="3.507" classname="com.testcase.MakeOrderTest"/>
</testsuite> <!-- com.testcase.MakeOrderTest -->
