<?xml version="1.0" encoding="UTF-8"?>
<!-- Generated by org.testng.reporters.JUnitReportReporter -->
<testsuite skipped="0" hostname="fourtek-desktop" name="com.testcase.FileUploadTest" tests="3" failures="0" timestamp="02 May 2018 12:14:34 GMT" time="20.121" errors="0">
  <testcase name="clickOnAddNewFile" time="1.438" classname="com.testcase.FileUploadTest"/>
  <testcase name="enterFileLocation" time="10.231" classname="com.testcase.FileUploadTest"/>
  <testcase name="selectFileFormat" time="8.452" classname="com.testcase.FileUploadTest"/>
</testsuite> <!-- com.testcase.FileUploadTest -->
