<?xml version="1.0" encoding="UTF-8"?>
<!-- Generated by org.testng.reporters.JUnitReportReporter -->
<testsuite skipped="0" hostname="fourtek-desktop" name="com.testcase.ReviewerTest" tests="7" failures="0" timestamp="24 Apr 2018 06:06:34 GMT" time="63.939" errors="0">
  <testcase name="reviewerDoLogin" time="8.684" classname="com.testcase.ReviewerTest"/>
  <testcase name="doSelectReviewerProject" time="4.506" classname="com.testcase.ReviewerTest"/>
  <testcase name="automatedTranslation" time="3.451" classname="com.testcase.ReviewerTest"/>
  <testcase name="doAcceptWord" time="31.875" classname="com.testcase.ReviewerTest"/>
  <testcase name="doClickOnComplete" time="1.189" classname="com.testcase.ReviewerTest"/>
  <testcase name="doClickOnLogo" time="10.182" classname="com.testcase.ReviewerTest"/>
  <testcase name="doTranslatorLogout" time="4.052" classname="com.testcase.ReviewerTest"/>
</testsuite> <!-- com.testcase.ReviewerTest -->
