<?xml version="1.0" encoding="UTF-8"?>
<!-- Generated by org.testng.reporters.JUnitReportReporter -->
<testsuite skipped="0" hostname="fourtek-desktop" name="com.testcase.TranslatorTest" tests="7" failures="0" timestamp="13 Apr 2018 07:50:45 GMT" time="58.248" errors="0">
  <testcase name="translatorDoLogin" time="7.866" classname="com.testcase.TranslatorTest"/>
  <testcase name="doSelectTranslatorProject" time="2.075" classname="com.testcase.TranslatorTest"/>
  <testcase name="automatedTranslation" time="3.284" classname="com.testcase.TranslatorTest"/>
  <testcase name="doselectWordsAndEnterText" time="30.823" classname="com.testcase.TranslatorTest"/>
  <testcase name="docompleteTranslation" time="3.220" classname="com.testcase.TranslatorTest"/>
  <testcase name="doClickOnLogo" time="7.131" classname="com.testcase.TranslatorTest"/>
  <testcase name="doTranslatorLogout" time="3.849" classname="com.testcase.TranslatorTest"/>
</testsuite> <!-- com.testcase.TranslatorTest -->
