<?xml version="1.0" encoding="UTF-8"?>
<!-- Generated by org.testng.reporters.JUnitReportReporter -->
<testsuite skipped="1" hostname="fourtek-desktop" name="com.testcase.LoginPageTest" tests="8" failures="0" timestamp="24 Apr 2018 09:54:13 GMT" time="19.791" errors="0">
  <testcase name="openBrowser" time="6.775" classname="com.testcase.LoginPageTest"/>
  <testcase name="invalidEmail" time="1.739" classname="com.testcase.LoginPageTest"/>
  <testcase name="invalidPassword" time="1.537" classname="com.testcase.LoginPageTest"/>
  <testcase name="invalidPwdEmail" time="1.414" classname="com.testcase.LoginPageTest"/>
  <testcase name="checkCaseSensitive" time="2.766" classname="com.testcase.LoginPageTest"/>
  <testcase name="checkUnicodeTransformationFormat" time="1.402" classname="com.testcase.LoginPageTest"/>
  <testcase name="doLogin" time="4.158" classname="com.testcase.LoginPageTest"/>
  <testcase name="forgetPassword" classname="com.testcase.LoginPageTest">
    <skipped/>
  </testcase> <!-- forgetPassword -->
</testsuite> <!-- com.testcase.LoginPageTest -->
