<?xml version="1.0" encoding="UTF-8"?>
<!-- Generated by org.testng.reporters.JUnitReportReporter -->
<testsuite skipped="1" hostname="fourtek-desktop" name="com.testcase.ChooseTranslationPlanTest" tests="3" failures="0" timestamp="25 Apr 2018 05:51:47 GMT" time="20.223" errors="0">
  <testcase name="choosePlanForTranslation" time="14.821" classname="com.testcase.ChooseTranslationPlanTest"/>
  <testcase name="selectTheBestPlan" time="5.402" classname="com.testcase.ChooseTranslationPlanTest"/>
  <testcase name="goToDashboard" classname="com.testcase.ChooseTranslationPlanTest">
    <skipped/>
  </testcase> <!-- goToDashboard -->
</testsuite> <!-- com.testcase.ChooseTranslationPlanTest -->
