<?xml version="1.0" encoding="UTF-8"?>
<!-- Generated by org.testng.reporters.JUnitReportReporter -->
<testsuite skipped="1" hostname="fourtek-desktop" name="com.testcase.CreateProjectTest" tests="9" failures="0" timestamp="19 Apr 2018 10:12:06 GMT" time="36.676" errors="0">
  <testcase name="startProject" time="2.515" classname="com.testcase.CreateProjectTest"/>
  <testcase name="withOutSelectAllOptions" time="2.826" classname="com.testcase.CreateProjectTest"/>
  <testcase name="onlyEnterProjectName" time="5.003" classname="com.testcase.CreateProjectTest"/>
  <testcase name="onlySelectTargetLanguage" time="10.192" classname="com.testcase.CreateProjectTest"/>
  <testcase name="typeProjectName" time="0.342" classname="com.testcase.CreateProjectTest"/>
  <testcase name="projectType" time="1.146" classname="com.testcase.CreateProjectTest"/>
  <testcase name="targetLanguage" time="7.392" classname="com.testcase.CreateProjectTest"/>
  <testcase name="doClickOnLetsStartButton" time="7.260" classname="com.testcase.CreateProjectTest"/>
  <testcase name="industryType" classname="com.testcase.CreateProjectTest">
    <skipped/>
  </testcase> <!-- industryType -->
</testsuite> <!-- com.testcase.CreateProjectTest -->
