<?xml version="1.0" encoding="UTF-8"?>
<!-- Generated by org.testng.reporters.JUnitReportReporter -->
<testsuite skipped="1" hostname="fourtek-desktop" name="com.testcase.LoginPageTest" tests="8" failures="0" timestamp="02 May 2018 12:14:34 GMT" time="24.966" errors="0">
  <testcase name="openBrowser" time="8.626" classname="com.testcase.LoginPageTest"/>
  <testcase name="invalidEmail" time="2.426" classname="com.testcase.LoginPageTest"/>
  <testcase name="invalidPassword" time="1.830" classname="com.testcase.LoginPageTest"/>
  <testcase name="invalidPwdEmail" time="2.104" classname="com.testcase.LoginPageTest"/>
  <testcase name="checkCaseSensitive" time="3.572" classname="com.testcase.LoginPageTest"/>
  <testcase name="checkUnicodeTransformationFormat" time="1.674" classname="com.testcase.LoginPageTest"/>
  <testcase name="doLogin" time="4.734" classname="com.testcase.LoginPageTest"/>
  <testcase name="forgetPassword" classname="com.testcase.LoginPageTest">
    <skipped/>
  </testcase> <!-- forgetPassword -->
</testsuite> <!-- com.testcase.LoginPageTest -->
