<?xml version="1.0" encoding="UTF-8"?>
<!-- Generated by org.testng.reporters.JUnitReportReporter -->
<testsuite skipped="0" hostname="fourtek-desktop" name="com.testcase.MakeOrderTest" tests="2" failures="0" timestamp="19 Apr 2018 10:12:06 GMT" time="34.111" errors="0">
  <testcase name="doTheOrder" time="30.204" classname="com.testcase.MakeOrderTest"/>
  <testcase name="clientLogout" time="3.907" classname="com.testcase.MakeOrderTest"/>
</testsuite> <!-- com.testcase.MakeOrderTest -->
