<?xml version="1.0" encoding="UTF-8"?>
<!-- Generated by org.testng.reporters.JUnitReportReporter -->
<testsuite skipped="1" hostname="fourtek-desktop" name="com.testcase.LoginPageTest" tests="8" failures="0" timestamp="19 Apr 2018 04:05:00 GMT" time="41.968" errors="0">
  <testcase name="openBrowser" time="16.428" classname="com.testcase.LoginPageTest"/>
  <testcase name="invalidEmail" time="2.476" classname="com.testcase.LoginPageTest"/>
  <testcase name="invalidPassword" time="2.358" classname="com.testcase.LoginPageTest"/>
  <testcase name="invalidPwdEmail" time="3.249" classname="com.testcase.LoginPageTest"/>
  <testcase name="checkCaseSensitive" time="6.666" classname="com.testcase.LoginPageTest"/>
  <testcase name="checkUnicodeTransformationFormat" time="3.307" classname="com.testcase.LoginPageTest"/>
  <testcase name="doLogin" time="7.484" classname="com.testcase.LoginPageTest"/>
  <testcase name="forgetPassword" classname="com.testcase.LoginPageTest">
    <skipped/>
  </testcase> <!-- forgetPassword -->
</testsuite> <!-- com.testcase.LoginPageTest -->
