<?xml version="1.0" encoding="UTF-8"?>
<!-- Generated by org.testng.reporters.JUnitReportReporter -->
<testsuite skipped="1" hostname="fourtek-desktop" name="com.testcase.ChooseTranslationPlanTest" tests="3" failures="0" timestamp="02 May 2018 12:14:34 GMT" time="10.246" errors="0">
  <testcase name="choosePlanForTranslation" time="8.409" classname="com.testcase.ChooseTranslationPlanTest"/>
  <testcase name="selectTheBestPlan" time="1.837" classname="com.testcase.ChooseTranslationPlanTest"/>
  <testcase name="goToDashboard" classname="com.testcase.ChooseTranslationPlanTest">
    <skipped/>
  </testcase> <!-- goToDashboard -->
</testsuite> <!-- com.testcase.ChooseTranslationPlanTest -->
