<?xml version="1.0" encoding="UTF-8"?>
<!-- Generated by org.testng.reporters.JUnitReportReporter -->
<testsuite skipped="0" hostname="fourtek-desktop" name="com.testcase.FileUploadTest" tests="3" failures="0" timestamp="19 Apr 2018 10:12:06 GMT" time="18.640" errors="0">
  <testcase name="clickOnAddNewFile" time="1.562" classname="com.testcase.FileUploadTest"/>
  <testcase name="enterFileLocation" time="8.405" classname="com.testcase.FileUploadTest"/>
  <testcase name="selectFileFormat" time="8.673" classname="com.testcase.FileUploadTest"/>
</testsuite> <!-- com.testcase.FileUploadTest -->
