<?xml version="1.0" encoding="UTF-8"?>
<!-- Generated by org.testng.reporters.JUnitReportReporter -->
<testsuite skipped="0" hostname="fourtek-desktop" name="com.testcase.ManagerTest" tests="6" failures="0" timestamp="25 Apr 2018 05:51:47 GMT" time="56.645" errors="0">
  <testcase name="doMangerLogin" time="11.594" classname="com.testcase.ManagerTest"/>
  <testcase name="selectTheCreatedProject" time="7.064" classname="com.testcase.ManagerTest"/>
  <testcase name="selectOrder" time="11.264" classname="com.testcase.ManagerTest"/>
  <testcase name="selectLanguageTranslator" time="5.997" classname="com.testcase.ManagerTest"/>
  <testcase name="assignProjectToTranslator" time="11.475" classname="com.testcase.ManagerTest"/>
  <testcase name="doManagerLogout" time="9.251" classname="com.testcase.ManagerTest"/>
</testsuite> <!-- com.testcase.ManagerTest -->
