<?xml version="1.0" encoding="UTF-8"?>
<!-- Generated by org.testng.reporters.JUnitReportReporter -->
<testsuite skipped="0" hostname="fourtek-desktop" name="com.testcase.ReviewerTest" tests="7" failures="0" timestamp="25 Apr 2018 05:51:47 GMT" time="134.141" errors="0">
  <testcase name="reviewerDoLogin" time="33.147" classname="com.testcase.ReviewerTest"/>
  <testcase name="doSelectReviewerProject" time="11.392" classname="com.testcase.ReviewerTest"/>
  <testcase name="automatedTranslation" time="4.535" classname="com.testcase.ReviewerTest"/>
  <testcase name="doAcceptWord" time="36.924" classname="com.testcase.ReviewerTest"/>
  <testcase name="doClickOnComplete" time="3.730" classname="com.testcase.ReviewerTest"/>
  <testcase name="doClickOnLogo" time="35.111" classname="com.testcase.ReviewerTest"/>
  <testcase name="doTranslatorLogout" time="9.302" classname="com.testcase.ReviewerTest"/>
</testsuite> <!-- com.testcase.ReviewerTest -->
