<?xml version="1.0" encoding="UTF-8"?>
<!-- Generated by org.testng.reporters.JUnitReportReporter -->
<testsuite skipped="0" hostname="fourtek-desktop" name="com.testcase.ReviewerTest" tests="7" failures="0" timestamp="13 Apr 2018 09:59:52 GMT" time="59.872" errors="0">
  <testcase name="reviewerDoLogin" time="9.920" classname="com.testcase.ReviewerTest"/>
  <testcase name="doSelectReviewerProject" time="1.997" classname="com.testcase.ReviewerTest"/>
  <testcase name="automatedTranslation" time="3.230" classname="com.testcase.ReviewerTest"/>
  <testcase name="doAcceptWord" time="32.381" classname="com.testcase.ReviewerTest"/>
  <testcase name="doClickOnComplete" time="1.333" classname="com.testcase.ReviewerTest"/>
  <testcase name="doClickOnLogo" time="6.924" classname="com.testcase.ReviewerTest"/>
  <testcase name="doTranslatorLogout" time="4.087" classname="com.testcase.ReviewerTest"/>
</testsuite> <!-- com.testcase.ReviewerTest -->
