<?xml version="1.0" encoding="UTF-8"?>
<!-- Generated by org.testng.reporters.JUnitReportReporter -->
<testsuite skipped="0" hostname="fourtek-desktop" name="com.testcase.TranslatorTest" tests="7" failures="0" timestamp="24 Apr 2018 09:54:13 GMT" time="80.031" errors="0">
  <testcase name="translatorDoLogin" time="11.212" classname="com.testcase.TranslatorTest"/>
  <testcase name="doSelectTranslatorProject" time="2.718" classname="com.testcase.TranslatorTest"/>
  <testcase name="automatedTranslation" time="3.394" classname="com.testcase.TranslatorTest"/>
  <testcase name="doselectWordsAndEnterText" time="45.510" classname="com.testcase.TranslatorTest"/>
  <testcase name="docompleteTranslation" time="3.206" classname="com.testcase.TranslatorTest"/>
  <testcase name="doClickOnLogo" time="10.077" classname="com.testcase.TranslatorTest"/>
  <testcase name="doTranslatorLogout" time="3.914" classname="com.testcase.TranslatorTest"/>
</testsuite> <!-- com.testcase.TranslatorTest -->
