<?xml version="1.0" encoding="UTF-8"?>
<!-- Generated by org.testng.reporters.JUnitReportReporter -->
<testsuite skipped="0" hostname="fourtek-desktop" name="com.testcase.FileUploadTest" tests="3" failures="0" timestamp="24 Apr 2018 09:54:13 GMT" time="18.310" errors="0">
  <testcase name="clickOnAddNewFile" time="1.448" classname="com.testcase.FileUploadTest"/>
  <testcase name="enterFileLocation" time="8.342" classname="com.testcase.FileUploadTest"/>
  <testcase name="selectFileFormat" time="8.520" classname="com.testcase.FileUploadTest"/>
</testsuite> <!-- com.testcase.FileUploadTest -->
