<?xml version="1.0" encoding="UTF-8"?>
<!-- Generated by org.testng.reporters.JUnitReportReporter -->
<testsuite skipped="0" hostname="fourtek-desktop" name="com.testcase.FileUploadTest" tests="3" failures="0" timestamp="18 Apr 2018 06:59:50 GMT" time="19.830" errors="0">
  <testcase name="clickOnAddNewFile" time="1.591" classname="com.testcase.FileUploadTest"/>
  <testcase name="enterFileLocation" time="9.451" classname="com.testcase.FileUploadTest"/>
  <testcase name="selectFileFormat" time="8.788" classname="com.testcase.FileUploadTest"/>
</testsuite> <!-- com.testcase.FileUploadTest -->
